Arguments: 
  /home/zaid/.nvm/versions/node/v16.14.0/bin/node /usr/bin/yarn

PATH: 
  /home/zaid/.nvm/versions/node/v16.14.0/bin:/home/zaid/.local/bin:/usr/local/sbin:/usr/local/bin:/usr/sbin:/usr/bin:/sbin:/bin:/usr/games:/usr/local/games:/snap/bin

Yarn version: 
  1.22.17

Node version: 
  16.14.0

Platform: 
  linux x64

Trace: 
  Error: getaddrinfo EAI_AGAIN registry.yarnpkg.com
      at GetAddrInfoReqWrap.onlookup [as oncomplete] (node:dns:71:26)

npm manifest: 
  {
    "name": "be",
    "main": "build/index.js",
    "scripts": {
      "start": "node build/index.js",
      "build": "tsc",
      "lint": "eslint . --ext .ts",
      "dev": "tsc-watch --onSuccess 'node ./build/index.js'"
    },
    "devDependencies": {
      "@types/express": "^4.17.8",
      "@types/mongodb": "^3.5.31",
      "@types/node": "^14.14.5",
      "@typescript-eslint/eslint-plugin": "^4.6.0",
      "@typescript-eslint/parser": "^4.6.0",
      "eslint": "^7.12.1",
      "tsc-watch": "^4.2.9",
      "typescript": "^4.0.5"
    },
    "dependencies": {
      "body-parser": "^1.19.0",
      "cors": "^2.8.5",
      "dotenv": "^8.2.0",
      "express": "^4.17.1",
      "helmet": "^4.1.1",
      "mongodb": "^3.6.2",
      "winston": "^3.3.3"
    },
    "author": "zaid",
    "license": ""
  }

yarn manifest: 
  No manifest

Lockfile: 
  No lockfile
